<?xml version="1.0" encoding="UTF-8"?>
<testng-results skipped="0" failed="0" total="2" passed="2">
  <reporter-output>
  </reporter-output>
  <suite name="Default suite" duration-ms="2178" started-at="2018-06-12T09:22:43Z" finished-at="2018-06-12T09:22:45Z">
    <groups>
    </groups>
    <test name="Default test" duration-ms="2178" started-at="2018-06-12T09:22:43Z" finished-at="2018-06-12T09:22:45Z">
      <class name="Testcase1.TC1">
        <test-method status="PASS" signature="launch()[pri:0, instance:Testcase1.TC1@28feb3fa]" name="launch" is-config="true" duration-ms="2000" started-at="2018-06-12T14:52:43Z" finished-at="2018-06-12T14:52:45Z">
          <reporter-output>
          </reporter-output>
        </test-method> <!-- launch -->
        <test-method status="PASS" signature="before()[pri:0, instance:Testcase1.TC1@28feb3fa]" name="before" is-config="true" duration-ms="1" started-at="2018-06-12T14:52:45Z" finished-at="2018-06-12T14:52:45Z">
          <reporter-output>
          </reporter-output>
        </test-method> <!-- before -->
        <test-method status="PASS" signature="abc()[pri:0, instance:Testcase1.TC1@28feb3fa]" name="abc" duration-ms="24" started-at="2018-06-12T14:52:45Z" finished-at="2018-06-12T14:52:45Z">
          <reporter-output>
          </reporter-output>
        </test-method> <!-- abc -->
        <test-method status="PASS" signature="after()[pri:0, instance:Testcase1.TC1@28feb3fa]" name="after" is-config="true" duration-ms="1" started-at="2018-06-12T14:52:45Z" finished-at="2018-06-12T14:52:45Z">
          <reporter-output>
          </reporter-output>
        </test-method> <!-- after -->
        <test-method status="PASS" signature="before()[pri:0, instance:Testcase1.TC1@28feb3fa]" name="before" is-config="true" duration-ms="1" started-at="2018-06-12T14:52:45Z" finished-at="2018-06-12T14:52:45Z">
          <reporter-output>
          </reporter-output>
        </test-method> <!-- before -->
        <test-method status="PASS" signature="def()[pri:0, instance:Testcase1.TC1@28feb3fa]" name="def" duration-ms="5" started-at="2018-06-12T14:52:45Z" finished-at="2018-06-12T14:52:45Z">
          <reporter-output>
          </reporter-output>
        </test-method> <!-- def -->
        <test-method status="PASS" signature="after()[pri:0, instance:Testcase1.TC1@28feb3fa]" name="after" is-config="true" duration-ms="0" started-at="2018-06-12T14:52:45Z" finished-at="2018-06-12T14:52:45Z">
          <reporter-output>
          </reporter-output>
        </test-method> <!-- after -->
        <test-method status="PASS" signature="close()[pri:0, instance:Testcase1.TC1@28feb3fa]" name="close" is-config="true" duration-ms="91" started-at="2018-06-12T14:52:45Z" finished-at="2018-06-12T14:52:45Z">
          <reporter-output>
          </reporter-output>
        </test-method> <!-- close -->
      </class> <!-- Testcase1.TC1 -->
    </test> <!-- Default test -->
  </suite> <!-- Default suite -->
</testng-results>
